{
  "D:\\Projets OpenClassroom\\Testez-une-application-full-stack\\front\\src\\app\\services\\session.service.ts": {
    "path": "D:\\Projets OpenClassroom\\Testez-une-application-full-stack\\front\\src\\app\\services\\session.service.ts",
    "statementMap": {
      "0": {
        "start": {
          "line": 5,
          "column": 8
        },
        "end": {
          "line": 5,
          "column": 30
        }
      },
      "1": {
        "start": {
          "line": 6,
          "column": 8
        },
        "end": {
          "line": 6,
          "column": 66
        }
      },
      "2": {
        "start": {
          "line": 9,
          "column": 8
        },
        "end": {
          "line": 9,
          "column": 51
        }
      },
      "3": {
        "start": {
          "line": 12,
          "column": 8
        },
        "end": {
          "line": 12,
          "column": 39
        }
      },
      "4": {
        "start": {
          "line": 13,
          "column": 8
        },
        "end": {
          "line": 13,
          "column": 29
        }
      },
      "5": {
        "start": {
          "line": 14,
          "column": 8
        },
        "end": {
          "line": 14,
          "column": 20
        }
      },
      "6": {
        "start": {
          "line": 17,
          "column": 8
        },
        "end": {
          "line": 17,
          "column": 44
        }
      },
      "7": {
        "start": {
          "line": 18,
          "column": 8
        },
        "end": {
          "line": 18,
          "column": 30
        }
      },
      "8": {
        "start": {
          "line": 19,
          "column": 8
        },
        "end": {
          "line": 19,
          "column": 20
        }
      },
      "9": {
        "start": {
          "line": 22,
          "column": 8
        },
        "end": {
          "line": 22,
          "column": 49
        }
      },
      "10": {
        "start": {
          "line": 25,
          "column": 0
        },
        "end": {
          "line": 25,
          "column": 97
        }
      },
      "11": {
        "start": {
          "line": 25,
          "column": 59
        },
        "end": {
          "line": 25,
          "column": 94
        }
      },
      "12": {
        "start": {
          "line": 26,
          "column": 0
        },
        "end": {
          "line": 26,
          "column": 136
        }
      }
    },
    "fnMap": {
      "0": {
        "name": "(anonymous_0)",
        "decl": {
          "start": {
            "line": 4,
            "column": 4
          },
          "end": {
            "line": 4,
            "column": 5
          }
        },
        "loc": {
          "start": {
            "line": 4,
            "column": 18
          },
          "end": {
            "line": 7,
            "column": 5
          }
        },
        "line": 4
      },
      "1": {
        "name": "(anonymous_1)",
        "decl": {
          "start": {
            "line": 8,
            "column": 4
          },
          "end": {
            "line": 8,
            "column": 5
          }
        },
        "loc": {
          "start": {
            "line": 8,
            "column": 16
          },
          "end": {
            "line": 10,
            "column": 5
          }
        },
        "line": 8
      },
      "2": {
        "name": "(anonymous_2)",
        "decl": {
          "start": {
            "line": 11,
            "column": 4
          },
          "end": {
            "line": 11,
            "column": 5
          }
        },
        "loc": {
          "start": {
            "line": 11,
            "column": 16
          },
          "end": {
            "line": 15,
            "column": 5
          }
        },
        "line": 11
      },
      "3": {
        "name": "(anonymous_3)",
        "decl": {
          "start": {
            "line": 16,
            "column": 4
          },
          "end": {
            "line": 16,
            "column": 5
          }
        },
        "loc": {
          "start": {
            "line": 16,
            "column": 13
          },
          "end": {
            "line": 20,
            "column": 5
          }
        },
        "line": 16
      },
      "4": {
        "name": "(anonymous_4)",
        "decl": {
          "start": {
            "line": 21,
            "column": 4
          },
          "end": {
            "line": 21,
            "column": 5
          }
        },
        "loc": {
          "start": {
            "line": 21,
            "column": 11
          },
          "end": {
            "line": 23,
            "column": 5
          }
        },
        "line": 21
      },
      "5": {
        "name": "SessionService_Factory",
        "decl": {
          "start": {
            "line": 25,
            "column": 31
          },
          "end": {
            "line": 25,
            "column": 53
          }
        },
        "loc": {
          "start": {
            "line": 25,
            "column": 57
          },
          "end": {
            "line": 25,
            "column": 96
          }
        },
        "line": 25
      }
    },
    "branchMap": {
      "0": {
        "loc": {
          "start": {
            "line": 25,
            "column": 71
          },
          "end": {
            "line": 25,
            "column": 90
          }
        },
        "type": "binary-expr",
        "locations": [
          {
            "start": {
              "line": 25,
              "column": 71
            },
            "end": {
              "line": 25,
              "column": 72
            }
          },
          {
            "start": {
              "line": 25,
              "column": 76
            },
            "end": {
              "line": 25,
              "column": 90
            }
          }
        ],
        "line": 25
      }
    },
    "s": {
      "0": 5,
      "1": 5,
      "2": 608,
      "3": 5,
      "4": 5,
      "5": 5,
      "6": 2,
      "7": 2,
      "8": 2,
      "9": 7,
      "10": 5,
      "11": 5,
      "12": 5
    },
    "f": {
      "0": 5,
      "1": 608,
      "2": 5,
      "3": 2,
      "4": 7,
      "5": 5
    },
    "b": {
      "0": [
        5,
        5
      ]
    },
    "inputSourceMap": {
      "version": 3,
      "file": "session.service.js",
      "sourceRoot": "",
      "sources": [
        "D:\\Projets OpenClassroom\\Testez-une-application-full-stack\\front\\src\\app\\services\\session.service.ts"
      ],
      "names": [],
      "mappings": "AACA,OAAO,EAAE,eAAe,EAAc,MAAM,MAAM,CAAC;;AAMnD,MAAM,OAAO,cAAc;IAH3B;QAKS,aAAQ,GAAG,KAAK,CAAC;QAGhB,oBAAe,GAAG,IAAI,eAAe,CAAU,IAAI,CAAC,QAAQ,CAAC,CAAC;KAqBvE;IAnBQ,SAAS;QACd,OAAO,IAAI,CAAC,eAAe,CAAC,YAAY,EAAE,CAAC;IAC7C,CAAC;IAEM,KAAK,CAAC,IAAwB;QACnC,IAAI,CAAC,kBAAkB,GAAG,IAAI,CAAC;QAC/B,IAAI,CAAC,QAAQ,GAAG,IAAI,CAAC;QACrB,IAAI,CAAC,IAAI,EAAE,CAAC;IACd,CAAC;IAEM,MAAM;QACX,IAAI,CAAC,kBAAkB,GAAG,SAAS,CAAC;QACpC,IAAI,CAAC,QAAQ,GAAG,KAAK,CAAC;QACtB,IAAI,CAAC,IAAI,EAAE,CAAC;IACd,CAAC;IAEO,IAAI;QACV,IAAI,CAAC,eAAe,CAAC,IAAI,CAAC,IAAI,CAAC,QAAQ,CAAC,CAAC;IAC3C,CAAC;;4EAzBU,cAAc;oEAAd,cAAc,WAAd,cAAc,mBAFb,MAAM",
      "sourcesContent": [
        "import { Injectable } from '@angular/core';\r\nimport { BehaviorSubject, Observable } from 'rxjs';\r\nimport { SessionInformation } from '../interfaces/sessionInformation.interface';\r\n\r\n@Injectable({\r\n  providedIn: 'root'\r\n})\r\nexport class SessionService {\r\n\r\n  public isLogged = false;\r\n  public sessionInformation: SessionInformation | undefined;\r\n\r\n  private isLoggedSubject = new BehaviorSubject<boolean>(this.isLogged);\r\n\r\n  public $isLogged(): Observable<boolean> {\r\n    return this.isLoggedSubject.asObservable();\r\n  }\r\n\r\n  public logIn(user: SessionInformation): void {\r\n    this.sessionInformation = user;\r\n    this.isLogged = true;\r\n    this.next();\r\n  }\r\n\r\n  public logOut(): void {\r\n    this.sessionInformation = undefined;\r\n    this.isLogged = false;\r\n    this.next();\r\n  }\r\n\r\n  private next(): void {\r\n    this.isLoggedSubject.next(this.isLogged);\r\n  }\r\n}\r\n"
      ]
    },
    "_coverageSchema": "1a1c01bbd47fc00a2c39e90264f33305004495a9",
    "hash": "ecddb9534cabbf45643ceae2b1fa3abf553f0842"
  },
  "D:\\Projets OpenClassroom\\Testez-une-application-full-stack\\front\\src\\app\\services\\user.service.ts": {
    "path": "D:\\Projets OpenClassroom\\Testez-une-application-full-stack\\front\\src\\app\\services\\user.service.ts",
    "statementMap": {
      "0": {
        "start": {
          "line": 5,
          "column": 8
        },
        "end": {
          "line": 5,
          "column": 37
        }
      },
      "1": {
        "start": {
          "line": 6,
          "column": 8
        },
        "end": {
          "line": 6,
          "column": 38
        }
      },
      "2": {
        "start": {
          "line": 9,
          "column": 8
        },
        "end": {
          "line": 9,
          "column": 64
        }
      },
      "3": {
        "start": {
          "line": 12,
          "column": 8
        },
        "end": {
          "line": 12,
          "column": 67
        }
      },
      "4": {
        "start": {
          "line": 15,
          "column": 0
        },
        "end": {
          "line": 15,
          "column": 114
        }
      },
      "5": {
        "start": {
          "line": 15,
          "column": 53
        },
        "end": {
          "line": 15,
          "column": 111
        }
      },
      "6": {
        "start": {
          "line": 16,
          "column": 0
        },
        "end": {
          "line": 16,
          "column": 127
        }
      }
    },
    "fnMap": {
      "0": {
        "name": "(anonymous_0)",
        "decl": {
          "start": {
            "line": 4,
            "column": 4
          },
          "end": {
            "line": 4,
            "column": 5
          }
        },
        "loc": {
          "start": {
            "line": 4,
            "column": 28
          },
          "end": {
            "line": 7,
            "column": 5
          }
        },
        "line": 4
      },
      "1": {
        "name": "(anonymous_1)",
        "decl": {
          "start": {
            "line": 8,
            "column": 4
          },
          "end": {
            "line": 8,
            "column": 5
          }
        },
        "loc": {
          "start": {
            "line": 8,
            "column": 16
          },
          "end": {
            "line": 10,
            "column": 5
          }
        },
        "line": 8
      },
      "2": {
        "name": "(anonymous_2)",
        "decl": {
          "start": {
            "line": 11,
            "column": 4
          },
          "end": {
            "line": 11,
            "column": 5
          }
        },
        "loc": {
          "start": {
            "line": 11,
            "column": 15
          },
          "end": {
            "line": 13,
            "column": 5
          }
        },
        "line": 11
      },
      "3": {
        "name": "UserService_Factory",
        "decl": {
          "start": {
            "line": 15,
            "column": 28
          },
          "end": {
            "line": 15,
            "column": 47
          }
        },
        "loc": {
          "start": {
            "line": 15,
            "column": 51
          },
          "end": {
            "line": 15,
            "column": 113
          }
        },
        "line": 15
      }
    },
    "branchMap": {
      "0": {
        "loc": {
          "start": {
            "line": 15,
            "column": 65
          },
          "end": {
            "line": 15,
            "column": 81
          }
        },
        "type": "binary-expr",
        "locations": [
          {
            "start": {
              "line": 15,
              "column": 65
            },
            "end": {
              "line": 15,
              "column": 66
            }
          },
          {
            "start": {
              "line": 15,
              "column": 70
            },
            "end": {
              "line": 15,
              "column": 81
            }
          }
        ],
        "line": 15
      }
    },
    "s": {
      "0": 5,
      "1": 5,
      "2": 5,
      "3": 2,
      "4": 5,
      "5": 5,
      "6": 5
    },
    "f": {
      "0": 5,
      "1": 5,
      "2": 2,
      "3": 5
    },
    "b": {
      "0": [
        5,
        5
      ]
    },
    "inputSourceMap": {
      "version": 3,
      "file": "user.service.js",
      "sourceRoot": "",
      "sources": [
        "D:\\Projets OpenClassroom\\Testez-une-application-full-stack\\front\\src\\app\\services\\user.service.ts"
      ],
      "names": [],
      "mappings": ";;AAQA,MAAM,OAAO,WAAW;IAItB,YAAoB,UAAsB;QAAtB,eAAU,GAAV,UAAU,CAAY;QAFlC,gBAAW,GAAG,UAAU,CAAC;IAEa,CAAC;IAExC,OAAO,CAAC,EAAU;QACvB,OAAO,IAAI,CAAC,UAAU,CAAC,GAAG,CAAO,GAAG,IAAI,CAAC,WAAW,IAAI,EAAE,EAAE,CAAC,CAAC;IAChE,CAAC;IAEM,MAAM,CAAC,EAAU;QACtB,OAAO,IAAI,CAAC,UAAU,CAAC,MAAM,CAAC,GAAG,IAAI,CAAC,WAAW,IAAI,EAAE,EAAE,CAAC,CAAC;IAC7D,CAAC;;sEAZU,WAAW;iEAAX,WAAW,WAAX,WAAW,mBAFV,MAAM",
      "sourcesContent": [
        "import { HttpClient } from '@angular/common/http';\r\nimport { Injectable } from '@angular/core';\r\nimport { Observable } from 'rxjs';\r\nimport { User } from '../interfaces/user.interface';\r\n\r\n@Injectable({\r\n  providedIn: 'root'\r\n})\r\nexport class UserService {\r\n\r\n  private pathService = 'api/user';\r\n\r\n  constructor(private httpClient: HttpClient) { }\r\n\r\n  public getById(id: string): Observable<User> {\r\n    return this.httpClient.get<User>(`${this.pathService}/${id}`);\r\n  }\r\n\r\n  public delete(id: string): Observable<any> {\r\n    return this.httpClient.delete(`${this.pathService}/${id}`);\r\n  }\r\n}\r\n"
      ]
    },
    "_coverageSchema": "1a1c01bbd47fc00a2c39e90264f33305004495a9",
    "hash": "663db96f905e437453e5793fe152c06258ddcfd9"
  },
  "D:\\Projets OpenClassroom\\Testez-une-application-full-stack\\front\\src\\app\\components\\me\\me.component.ts": {
    "path": "D:\\Projets OpenClassroom\\Testez-une-application-full-stack\\front\\src\\app\\components\\me\\me.component.ts",
    "statementMap": {
      "0": {
        "start": {
          "line": 11,
          "column": 52
        },
        "end": {
          "line": 15,
          "column": 1
        }
      },
      "1": {
        "start": {
          "line": 12,
          "column": 4
        },
        "end": {
          "line": 12,
          "column": 34
        }
      },
      "2": {
        "start": {
          "line": 13,
          "column": 4
        },
        "end": {
          "line": 13,
          "column": 34
        }
      },
      "3": {
        "start": {
          "line": 14,
          "column": 4
        },
        "end": {
          "line": 14,
          "column": 22
        }
      },
      "4": {
        "start": {
          "line": 16,
          "column": 54
        },
        "end": {
          "line": 29,
          "column": 1
        }
      },
      "5": {
        "start": {
          "line": 17,
          "column": 16
        },
        "end": {
          "line": 17,
          "column": 37
        }
      },
      "6": {
        "start": {
          "line": 18,
          "column": 4
        },
        "end": {
          "line": 18,
          "column": 44
        }
      },
      "7": {
        "start": {
          "line": 19,
          "column": 4
        },
        "end": {
          "line": 19,
          "column": 39
        }
      },
      "8": {
        "start": {
          "line": 20,
          "column": 4
        },
        "end": {
          "line": 20,
          "column": 22
        }
      },
      "9": {
        "start": {
          "line": 21,
          "column": 4
        },
        "end": {
          "line": 21,
          "column": 39
        }
      },
      "10": {
        "start": {
          "line": 22,
          "column": 4
        },
        "end": {
          "line": 22,
          "column": 200
        }
      },
      "11": {
        "start": {
          "line": 22,
          "column": 98
        },
        "end": {
          "line": 22,
          "column": 120
        }
      },
      "12": {
        "start": {
          "line": 22,
          "column": 136
        },
        "end": {
          "line": 22,
          "column": 155
        }
      },
      "13": {
        "start": {
          "line": 22,
          "column": 157
        },
        "end": {
          "line": 22,
          "column": 196
        }
      },
      "14": {
        "start": {
          "line": 23,
          "column": 4
        },
        "end": {
          "line": 23,
          "column": 37
        }
      },
      "15": {
        "start": {
          "line": 24,
          "column": 4
        },
        "end": {
          "line": 24,
          "column": 27
        }
      },
      "16": {
        "start": {
          "line": 25,
          "column": 4
        },
        "end": {
          "line": 25,
          "column": 22
        }
      },
      "17": {
        "start": {
          "line": 26,
          "column": 4
        },
        "end": {
          "line": 26,
          "column": 37
        }
      },
      "18": {
        "start": {
          "line": 27,
          "column": 4
        },
        "end": {
          "line": 27,
          "column": 27
        }
      },
      "19": {
        "start": {
          "line": 28,
          "column": 4
        },
        "end": {
          "line": 28,
          "column": 26
        }
      },
      "20": {
        "start": {
          "line": 30,
          "column": 48
        },
        "end": {
          "line": 52,
          "column": 1
        }
      },
      "21": {
        "start": {
          "line": 31,
          "column": 4
        },
        "end": {
          "line": 31,
          "column": 46
        }
      },
      "22": {
        "start": {
          "line": 32,
          "column": 4
        },
        "end": {
          "line": 32,
          "column": 17
        }
      },
      "23": {
        "start": {
          "line": 33,
          "column": 4
        },
        "end": {
          "line": 33,
          "column": 30
        }
      },
      "24": {
        "start": {
          "line": 34,
          "column": 4
        },
        "end": {
          "line": 34,
          "column": 22
        }
      },
      "25": {
        "start": {
          "line": 35,
          "column": 4
        },
        "end": {
          "line": 35,
          "column": 33
        }
      },
      "26": {
        "start": {
          "line": 36,
          "column": 4
        },
        "end": {
          "line": 36,
          "column": 17
        }
      },
      "27": {
        "start": {
          "line": 37,
          "column": 4
        },
        "end": {
          "line": 37,
          "column": 22
        }
      },
      "28": {
        "start": {
          "line": 38,
          "column": 4
        },
        "end": {
          "line": 38,
          "column": 68
        }
      },
      "29": {
        "start": {
          "line": 39,
          "column": 4
        },
        "end": {
          "line": 39,
          "column": 72
        }
      },
      "30": {
        "start": {
          "line": 40,
          "column": 4
        },
        "end": {
          "line": 40,
          "column": 52
        }
      },
      "31": {
        "start": {
          "line": 41,
          "column": 4
        },
        "end": {
          "line": 41,
          "column": 33
        }
      },
      "32": {
        "start": {
          "line": 42,
          "column": 4
        },
        "end": {
          "line": 42,
          "column": 22
        }
      },
      "33": {
        "start": {
          "line": 43,
          "column": 4
        },
        "end": {
          "line": 43,
          "column": 18
        }
      },
      "34": {
        "start": {
          "line": 44,
          "column": 4
        },
        "end": {
          "line": 44,
          "column": 26
        }
      },
      "35": {
        "start": {
          "line": 45,
          "column": 4
        },
        "end": {
          "line": 45,
          "column": 22
        }
      },
      "36": {
        "start": {
          "line": 46,
          "column": 4
        },
        "end": {
          "line": 46,
          "column": 40
        }
      },
      "37": {
        "start": {
          "line": 47,
          "column": 4
        },
        "end": {
          "line": 47,
          "column": 35
        }
      },
      "38": {
        "start": {
          "line": 48,
          "column": 4
        },
        "end": {
          "line": 48,
          "column": 22
        }
      },
      "39": {
        "start": {
          "line": 49,
          "column": 4
        },
        "end": {
          "line": 49,
          "column": 18
        }
      },
      "40": {
        "start": {
          "line": 50,
          "column": 4
        },
        "end": {
          "line": 50,
          "column": 26
        }
      },
      "41": {
        "start": {
          "line": 51,
          "column": 4
        },
        "end": {
          "line": 51,
          "column": 26
        }
      },
      "42": {
        "start": {
          "line": 52,
          "column": 2
        },
        "end": {
          "line": 66,
          "column": 1
        }
      },
      "43": {
        "start": {
          "line": 53,
          "column": 19
        },
        "end": {
          "line": 53,
          "column": 37
        }
      },
      "44": {
        "start": {
          "line": 54,
          "column": 4
        },
        "end": {
          "line": 54,
          "column": 20
        }
      },
      "45": {
        "start": {
          "line": 55,
          "column": 4
        },
        "end": {
          "line": 55,
          "column": 112
        }
      },
      "46": {
        "start": {
          "line": 56,
          "column": 4
        },
        "end": {
          "line": 56,
          "column": 20
        }
      },
      "47": {
        "start": {
          "line": 57,
          "column": 4
        },
        "end": {
          "line": 57,
          "column": 60
        }
      },
      "48": {
        "start": {
          "line": 58,
          "column": 4
        },
        "end": {
          "line": 58,
          "column": 20
        }
      },
      "49": {
        "start": {
          "line": 59,
          "column": 4
        },
        "end": {
          "line": 59,
          "column": 45
        }
      },
      "50": {
        "start": {
          "line": 60,
          "column": 4
        },
        "end": {
          "line": 60,
          "column": 20
        }
      },
      "51": {
        "start": {
          "line": 61,
          "column": 4
        },
        "end": {
          "line": 61,
          "column": 46
        }
      },
      "52": {
        "start": {
          "line": 62,
          "column": 4
        },
        "end": {
          "line": 62,
          "column": 20
        }
      },
      "53": {
        "start": {
          "line": 63,
          "column": 4
        },
        "end": {
          "line": 63,
          "column": 93
        }
      },
      "54": {
        "start": {
          "line": 64,
          "column": 4
        },
        "end": {
          "line": 64,
          "column": 20
        }
      },
      "55": {
        "start": {
          "line": 65,
          "column": 4
        },
        "end": {
          "line": 65,
          "column": 94
        }
      },
      "56": {
        "start": {
          "line": 69,
          "column": 8
        },
        "end": {
          "line": 69,
          "column": 29
        }
      },
      "57": {
        "start": {
          "line": 70,
          "column": 8
        },
        "end": {
          "line": 70,
          "column": 45
        }
      },
      "58": {
        "start": {
          "line": 71,
          "column": 8
        },
        "end": {
          "line": 71,
          "column": 39
        }
      },
      "59": {
        "start": {
          "line": 72,
          "column": 8
        },
        "end": {
          "line": 72,
          "column": 39
        }
      },
      "60": {
        "start": {
          "line": 75,
          "column": 8
        },
        "end": {
          "line": 77,
          "column": 51
        }
      },
      "61": {
        "start": {
          "line": 77,
          "column": 33
        },
        "end": {
          "line": 77,
          "column": 49
        }
      },
      "62": {
        "start": {
          "line": 80,
          "column": 8
        },
        "end": {
          "line": 80,
          "column": 30
        }
      },
      "63": {
        "start": {
          "line": 83,
          "column": 8
        },
        "end": {
          "line": 89,
          "column": 11
        }
      },
      "64": {
        "start": {
          "line": 86,
          "column": 12
        },
        "end": {
          "line": 86,
          "column": 98
        }
      },
      "65": {
        "start": {
          "line": 87,
          "column": 12
        },
        "end": {
          "line": 87,
          "column": 41
        }
      },
      "66": {
        "start": {
          "line": 88,
          "column": 12
        },
        "end": {
          "line": 88,
          "column": 40
        }
      },
      "67": {
        "start": {
          "line": 92,
          "column": 0
        },
        "end": {
          "line": 92,
          "column": 236
        }
      },
      "68": {
        "start": {
          "line": 92,
          "column": 53
        },
        "end": {
          "line": 92,
          "column": 233
        }
      },
      "69": {
        "start": {
          "line": 93,
          "column": 0
        },
        "end": {
          "line": 108,
          "column": 373
        }
      },
      "70": {
        "start": {
          "line": 93,
          "column": 823
        },
        "end": {
          "line": 105,
          "column": 5
        }
      },
      "71": {
        "start": {
          "line": 94,
          "column": 8
        },
        "end": {
          "line": 94,
          "column": 104
        }
      },
      "72": {
        "start": {
          "line": 95,
          "column": 8
        },
        "end": {
          "line": 95,
          "column": 111
        }
      },
      "73": {
        "start": {
          "line": 95,
          "column": 89
        },
        "end": {
          "line": 95,
          "column": 107
        }
      },
      "74": {
        "start": {
          "line": 96,
          "column": 8
        },
        "end": {
          "line": 96,
          "column": 41
        }
      },
      "75": {
        "start": {
          "line": 97,
          "column": 8
        },
        "end": {
          "line": 97,
          "column": 35
        }
      },
      "76": {
        "start": {
          "line": 98,
          "column": 8
        },
        "end": {
          "line": 98,
          "column": 28
        }
      },
      "77": {
        "start": {
          "line": 99,
          "column": 8
        },
        "end": {
          "line": 99,
          "column": 35
        }
      },
      "78": {
        "start": {
          "line": 100,
          "column": 8
        },
        "end": {
          "line": 100,
          "column": 41
        }
      },
      "79": {
        "start": {
          "line": 101,
          "column": 8
        },
        "end": {
          "line": 101,
          "column": 30
        }
      },
      "80": {
        "start": {
          "line": 102,
          "column": 8
        },
        "end": {
          "line": 102,
          "column": 49
        }
      },
      "81": {
        "start": {
          "line": 103,
          "column": 8
        },
        "end": {
          "line": 103,
          "column": 73
        }
      },
      "82": {
        "start": {
          "line": 104,
          "column": 8
        },
        "end": {
          "line": 104,
          "column": 30
        }
      },
      "83": {
        "start": {
          "line": 105,
          "column": 6
        },
        "end": {
          "line": 108,
          "column": 5
        }
      },
      "84": {
        "start": {
          "line": 106,
          "column": 8
        },
        "end": {
          "line": 106,
          "column": 25
        }
      },
      "85": {
        "start": {
          "line": 107,
          "column": 8
        },
        "end": {
          "line": 107,
          "column": 40
        }
      }
    },
    "fnMap": {
      "0": {
        "name": "MeComponent_div_10_p_6_Template",
        "decl": {
          "start": {
            "line": 11,
            "column": 9
          },
          "end": {
            "line": 11,
            "column": 40
          }
        },
        "loc": {
          "start": {
            "line": 11,
            "column": 50
          },
          "end": {
            "line": 15,
            "column": 3
          }
        },
        "line": 11
      },
      "1": {
        "name": "MeComponent_div_10_div_7_Template",
        "decl": {
          "start": {
            "line": 16,
            "column": 9
          },
          "end": {
            "line": 16,
            "column": 42
          }
        },
        "loc": {
          "start": {
            "line": 16,
            "column": 52
          },
          "end": {
            "line": 29,
            "column": 3
          }
        },
        "line": 16
      },
      "2": {
        "name": "MeComponent_div_10_div_7_Template_button_click_3_listener",
        "decl": {
          "start": {
            "line": 22,
            "column": 36
          },
          "end": {
            "line": 22,
            "column": 93
          }
        },
        "loc": {
          "start": {
            "line": 22,
            "column": 96
          },
          "end": {
            "line": 22,
            "column": 198
          }
        },
        "line": 22
      },
      "3": {
        "name": "MeComponent_div_10_Template",
        "decl": {
          "start": {
            "line": 30,
            "column": 9
          },
          "end": {
            "line": 30,
            "column": 36
          }
        },
        "loc": {
          "start": {
            "line": 30,
            "column": 46
          },
          "end": {
            "line": 66,
            "column": 3
          }
        },
        "line": 30
      },
      "4": {
        "name": "(anonymous_4)",
        "decl": {
          "start": {
            "line": 68,
            "column": 4
          },
          "end": {
            "line": 68,
            "column": 5
          }
        },
        "loc": {
          "start": {
            "line": 68,
            "column": 66
          },
          "end": {
            "line": 73,
            "column": 5
          }
        },
        "line": 68
      },
      "5": {
        "name": "(anonymous_5)",
        "decl": {
          "start": {
            "line": 74,
            "column": 4
          },
          "end": {
            "line": 74,
            "column": 5
          }
        },
        "loc": {
          "start": {
            "line": 74,
            "column": 15
          },
          "end": {
            "line": 78,
            "column": 5
          }
        },
        "line": 74
      },
      "6": {
        "name": "(anonymous_6)",
        "decl": {
          "start": {
            "line": 77,
            "column": 23
          },
          "end": {
            "line": 77,
            "column": 24
          }
        },
        "loc": {
          "start": {
            "line": 77,
            "column": 33
          },
          "end": {
            "line": 77,
            "column": 49
          }
        },
        "line": 77
      },
      "7": {
        "name": "(anonymous_7)",
        "decl": {
          "start": {
            "line": 79,
            "column": 4
          },
          "end": {
            "line": 79,
            "column": 5
          }
        },
        "loc": {
          "start": {
            "line": 79,
            "column": 11
          },
          "end": {
            "line": 81,
            "column": 5
          }
        },
        "line": 79
      },
      "8": {
        "name": "(anonymous_8)",
        "decl": {
          "start": {
            "line": 82,
            "column": 4
          },
          "end": {
            "line": 82,
            "column": 5
          }
        },
        "loc": {
          "start": {
            "line": 82,
            "column": 13
          },
          "end": {
            "line": 90,
            "column": 5
          }
        },
        "line": 82
      },
      "9": {
        "name": "(anonymous_9)",
        "decl": {
          "start": {
            "line": 85,
            "column": 23
          },
          "end": {
            "line": 85,
            "column": 24
          }
        },
        "loc": {
          "start": {
            "line": 85,
            "column": 30
          },
          "end": {
            "line": 89,
            "column": 9
          }
        },
        "line": 85
      },
      "10": {
        "name": "MeComponent_Factory",
        "decl": {
          "start": {
            "line": 92,
            "column": 28
          },
          "end": {
            "line": 92,
            "column": 47
          }
        },
        "loc": {
          "start": {
            "line": 92,
            "column": 51
          },
          "end": {
            "line": 92,
            "column": 235
          }
        },
        "line": 92
      },
      "11": {
        "name": "MeComponent_Template",
        "decl": {
          "start": {
            "line": 93,
            "column": 791
          },
          "end": {
            "line": 93,
            "column": 811
          }
        },
        "loc": {
          "start": {
            "line": 93,
            "column": 821
          },
          "end": {
            "line": 108,
            "column": 7
          }
        },
        "line": 93
      },
      "12": {
        "name": "MeComponent_Template_button_click_4_listener",
        "decl": {
          "start": {
            "line": 95,
            "column": 40
          },
          "end": {
            "line": 95,
            "column": 84
          }
        },
        "loc": {
          "start": {
            "line": 95,
            "column": 87
          },
          "end": {
            "line": 95,
            "column": 109
          }
        },
        "line": 95
      }
    },
    "branchMap": {
      "0": {
        "loc": {
          "start": {
            "line": 11,
            "column": 52
          },
          "end": {
            "line": 15,
            "column": 1
          }
        },
        "type": "if",
        "locations": [
          {
            "start": {
              "line": 11,
              "column": 52
            },
            "end": {
              "line": 15,
              "column": 1
            }
          },
          {
            "start": {
              "line": 11,
              "column": 52
            },
            "end": {
              "line": 15,
              "column": 1
            }
          }
        ],
        "line": 11
      },
      "1": {
        "loc": {
          "start": {
            "line": 16,
            "column": 54
          },
          "end": {
            "line": 29,
            "column": 1
          }
        },
        "type": "if",
        "locations": [
          {
            "start": {
              "line": 16,
              "column": 54
            },
            "end": {
              "line": 29,
              "column": 1
            }
          },
          {
            "start": {
              "line": 16,
              "column": 54
            },
            "end": {
              "line": 29,
              "column": 1
            }
          }
        ],
        "line": 16
      },
      "2": {
        "loc": {
          "start": {
            "line": 30,
            "column": 48
          },
          "end": {
            "line": 52,
            "column": 1
          }
        },
        "type": "if",
        "locations": [
          {
            "start": {
              "line": 30,
              "column": 48
            },
            "end": {
              "line": 52,
              "column": 1
            }
          },
          {
            "start": {
              "line": 30,
              "column": 48
            },
            "end": {
              "line": 52,
              "column": 1
            }
          }
        ],
        "line": 30
      },
      "3": {
        "loc": {
          "start": {
            "line": 52,
            "column": 2
          },
          "end": {
            "line": 66,
            "column": 1
          }
        },
        "type": "if",
        "locations": [
          {
            "start": {
              "line": 52,
              "column": 2
            },
            "end": {
              "line": 66,
              "column": 1
            }
          },
          {
            "start": {
              "line": 52,
              "column": 2
            },
            "end": {
              "line": 66,
              "column": 1
            }
          }
        ],
        "line": 52
      },
      "4": {
        "loc": {
          "start": {
            "line": 92,
            "column": 65
          },
          "end": {
            "line": 92,
            "column": 81
          }
        },
        "type": "binary-expr",
        "locations": [
          {
            "start": {
              "line": 92,
              "column": 65
            },
            "end": {
              "line": 92,
              "column": 66
            }
          },
          {
            "start": {
              "line": 92,
              "column": 70
            },
            "end": {
              "line": 92,
              "column": 81
            }
          }
        ],
        "line": 92
      },
      "5": {
        "loc": {
          "start": {
            "line": 93,
            "column": 823
          },
          "end": {
            "line": 105,
            "column": 5
          }
        },
        "type": "if",
        "locations": [
          {
            "start": {
              "line": 93,
              "column": 823
            },
            "end": {
              "line": 105,
              "column": 5
            }
          },
          {
            "start": {
              "line": 93,
              "column": 823
            },
            "end": {
              "line": 105,
              "column": 5
            }
          }
        ],
        "line": 93
      },
      "6": {
        "loc": {
          "start": {
            "line": 105,
            "column": 6
          },
          "end": {
            "line": 108,
            "column": 5
          }
        },
        "type": "if",
        "locations": [
          {
            "start": {
              "line": 105,
              "column": 6
            },
            "end": {
              "line": 108,
              "column": 5
            }
          },
          {
            "start": {
              "line": 105,
              "column": 6
            },
            "end": {
              "line": 108,
              "column": 5
            }
          }
        ],
        "line": 105
      }
    },
    "s": {
      "0": 5,
      "1": 1,
      "2": 1,
      "3": 1,
      "4": 36,
      "5": 4,
      "6": 4,
      "7": 4,
      "8": 4,
      "9": 4,
      "10": 4,
      "11": 2,
      "12": 2,
      "13": 2,
      "14": 4,
      "15": 4,
      "16": 4,
      "17": 4,
      "18": 4,
      "19": 4,
      "20": 41,
      "21": 5,
      "22": 5,
      "23": 5,
      "24": 5,
      "25": 5,
      "26": 5,
      "27": 5,
      "28": 5,
      "29": 5,
      "30": 5,
      "31": 5,
      "32": 5,
      "33": 5,
      "34": 5,
      "35": 5,
      "36": 5,
      "37": 5,
      "38": 5,
      "39": 5,
      "40": 5,
      "41": 5,
      "42": 41,
      "43": 36,
      "44": 36,
      "45": 36,
      "46": 36,
      "47": 36,
      "48": 36,
      "49": 36,
      "50": 36,
      "51": 36,
      "52": 36,
      "53": 36,
      "54": 36,
      "55": 36,
      "56": 5,
      "57": 5,
      "58": 5,
      "59": 5,
      "60": 5,
      "61": 5,
      "62": 0,
      "63": 2,
      "64": 2,
      "65": 2,
      "66": 2,
      "67": 5,
      "68": 5,
      "69": 5,
      "70": 91,
      "71": 5,
      "72": 5,
      "73": 0,
      "74": 5,
      "75": 5,
      "76": 5,
      "77": 5,
      "78": 5,
      "79": 5,
      "80": 5,
      "81": 5,
      "82": 5,
      "83": 91,
      "84": 86,
      "85": 86
    },
    "f": {
      "0": 5,
      "1": 36,
      "2": 2,
      "3": 41,
      "4": 5,
      "5": 5,
      "6": 5,
      "7": 0,
      "8": 2,
      "9": 2,
      "10": 5,
      "11": 91,
      "12": 0
    },
    "b": {
      "0": [
        1,
        4
      ],
      "1": [
        4,
        32
      ],
      "2": [
        5,
        36
      ],
      "3": [
        36,
        5
      ],
      "4": [
        5,
        5
      ],
      "5": [
        5,
        86
      ],
      "6": [
        86,
        5
      ]
    },
    "inputSourceMap": {
      "version": 3,
      "file": "me.component.js",
      "sourceRoot": "",
      "sources": [
        "D:\\Projets OpenClassroom\\Testez-une-application-full-stack\\front\\src\\app\\components\\me\\me.component.ts",
        "D:\\Projets OpenClassroom\\Testez-une-application-full-stack\\front\\src\\app\\components\\me\\me.component.html"
      ],
      "names": [],
      "mappings": ";;;;;;;;;;;ICcQ,6BAAkC;IAAA,6BAAa;IAAA,iBAAI;;;;IACnD,+BAAqF,QAAA;IAChF,kCAAkB;IAAA,iBAAI;IACzB,kCAAsF;IAAnB,gKAAS,eAAA,eAAQ,CAAA,IAAC;IACnF,gCAAU;IAAA,sBAAM;IAAA,iBAAW;IAC3B,gCAAkB;IAAA,sBAAM;IAAA,iBAAO,EAAA,EAAA;;;IARrC,8BAAiE,WAAA;IACpC,YAA0D;;IAAA,iBAAI;IACzF,4BAA4B;IAAA,YAAuB;IAAA,iBAAI;IACvD,+DAAmD;IACnD,mEAMM;IACN,8BAA0D,QAAA,SAAA;IAElD,4BAAW;IAAA,iBAAI;IAAC,aAAsC;;IAAA,iBAAI;IAChE,0BAAG,SAAA;IAAG,8BAAa;IAAA,iBAAI;IAAC,aAAqC;;IAAA,iBAAI,EAAA,EAAA;;;IAbxC,eAA0D;IAA1D,2GAA0D;IACzD,eAAuB;IAAvB,uDAAuB;IAC/C,eAAgB;IAAhB,wCAAgB;IACd,eAAiB;IAAjB,yCAAiB;IASC,eAAsC;IAAtC,wFAAsC;IACpC,eAAqC;IAArC,yFAAqC;;ADbvE,MAAM,OAAO,WAAW;IAItB,YAAoB,MAAc,EACd,cAA8B,EAC9B,WAAwB,EACxB,WAAwB;QAHxB,WAAM,GAAN,MAAM,CAAQ;QACd,mBAAc,GAAd,cAAc,CAAgB;QAC9B,gBAAW,GAAX,WAAW,CAAa;QACxB,gBAAW,GAAX,WAAW,CAAa;IAC5C,CAAC;IAEM,QAAQ;QACb,IAAI,CAAC,WAAW;aACb,OAAO,CAAC,IAAI,CAAC,cAAc,CAAC,kBAAmB,CAAC,EAAE,CAAC,QAAQ,EAAE,CAAC;aAC9D,SAAS,CAAC,CAAC,IAAU,EAAE,EAAE,CAAC,IAAI,CAAC,IAAI,GAAG,IAAI,CAAC,CAAC;IACjD,CAAC;IAEM,IAAI;QACT,MAAM,CAAC,OAAO,CAAC,IAAI,EAAE,CAAC;IACxB,CAAC;IAEM,MAAM;QACX,IAAI,CAAC,WAAW;aACb,MAAM,CAAC,IAAI,CAAC,cAAc,CAAC,kBAAmB,CAAC,EAAE,CAAC,QAAQ,EAAE,CAAC;aAC7D,SAAS,CAAC,CAAC,CAAC,EAAE,EAAE;YACf,IAAI,CAAC,WAAW,CAAC,IAAI,CAAC,iCAAiC,EAAE,OAAO,EAAE,EAAE,QAAQ,EAAE,IAAI,EAAE,CAAC,CAAC;YACtF,IAAI,CAAC,cAAc,CAAC,MAAM,EAAE,CAAC;YAC7B,IAAI,CAAC,MAAM,CAAC,QAAQ,CAAC,CAAC,GAAG,CAAC,CAAC,CAAC;QAC9B,CAAC,CAAC,CAAA;IACN,CAAC;;sEA5BU,WAAW;8DAAX,WAAW;QCZxB,8BAAgB,eAAA,qBAAA,aAAA,gBAAA;QAIgB,wFAAS,UAAM,IAAC;QACtC,gCAAU;QAAA,0BAAU;QAAA,iBAAW,EAAA;QAEjC,0BAAI;QAAA,gCAAgB;QAAA,iBAAK,EAAA,EAAA;QAG7B,wCAAkB;QAChB,gEAgBM;QACR,iBAAmB,EAAA,EAAA;;QAjBX,gBAAU;QAAV,+BAAU",
      "sourcesContent": [
        "import { Component, OnInit } from '@angular/core';\r\nimport { MatSnackBar } from '@angular/material/snack-bar';\r\nimport { Router } from '@angular/router';\r\nimport { User } from '../../interfaces/user.interface';\r\nimport { SessionService } from '../../services/session.service';\r\nimport { UserService } from '../../services/user.service';\r\n\r\n@Component({\r\n  selector: 'app-me',\r\n  templateUrl: './me.component.html',\r\n  styleUrls: ['./me.component.scss']\r\n})\r\nexport class MeComponent implements OnInit {\r\n\r\n  public user: User | undefined;\r\n\r\n  constructor(private router: Router,\r\n              private sessionService: SessionService,\r\n              private matSnackBar: MatSnackBar,\r\n              private userService: UserService) {\r\n  }\r\n\r\n  public ngOnInit(): void {\r\n    this.userService\r\n      .getById(this.sessionService.sessionInformation!.id.toString())\r\n      .subscribe((user: User) => this.user = user);\r\n  }\r\n\r\n  public back(): void {\r\n    window.history.back();\r\n  }\r\n\r\n  public delete(): void {\r\n    this.userService\r\n      .delete(this.sessionService.sessionInformation!.id.toString())\r\n      .subscribe((_) => {\r\n        this.matSnackBar.open(\"Your account has been deleted !\", 'Close', { duration: 3000 });\r\n        this.sessionService.logOut();\r\n        this.router.navigate(['/']);\r\n      })\r\n  }\r\n\r\n}\r\n",
        "<div class=\"m3\">\r\n  <mat-card>\r\n    <mat-card-title>\r\n      <div fxLayout=\"row\" fxLayoutAlign=\"start center\">\r\n        <button mat-icon-button (click)=\"back()\">\r\n          <mat-icon>arrow_back</mat-icon>\r\n        </button>\r\n        <h1>User information</h1>\r\n      </div>\r\n    </mat-card-title>\r\n    <mat-card-content>\r\n      <div *ngIf=\"user\" fxLayout=\"column\" fxLayoutAlign=\"start center\">\r\n        <p data-testid=\"user-name\">Name: {{ user.firstName }} {{ user.lastName | uppercase }}</p>\r\n        <p data-testid=\"user-email\">Email: {{ user.email }}</p>\r\n        <p *ngIf=\"user.admin\" class=\"my2\">You are admin</p>\r\n        <div *ngIf=\"!user.admin\" fxLayout=\"column\" class=\"my2\" fxLayoutAlign=\"center center\">\r\n          <p>Delete my account:</p>\r\n          <button mat-raised-button color=\"warn\" data-testid=\"delete-button\" (click)=\"delete()\">\r\n            <mat-icon>delete</mat-icon>\r\n            <span class=\"ml1\">Delete</span>\r\n          </button>\r\n        </div>\r\n        <div fxLayoutAlign=\"space-between center\" class=\"p2 w100\">\r\n\r\n          <p><i>Create at: </i> {{ user.createdAt | date: 'longDate'}}</p>\r\n          <p><i>Last update: </i> {{ user.updatedAt| date: 'longDate'}}</p>\r\n        </div>\r\n      </div>\r\n    </mat-card-content>\r\n  </mat-card>\r\n</div>\r\n"
      ]
    },
    "_coverageSchema": "1a1c01bbd47fc00a2c39e90264f33305004495a9",
    "hash": "f8345da099dcd73bc080bcf3625ae6cc3ed10f28"
  },
  "D:\\Projets OpenClassroom\\Testez-une-application-full-stack\\front\\src\\app\\components\\not-found\\not-found.component.ts": {
    "path": "D:\\Projets OpenClassroom\\Testez-une-application-full-stack\\front\\src\\app\\components\\not-found\\not-found.component.ts",
    "statementMap": {
      "0": {
        "start": {
          "line": 4,
          "column": 0
        },
        "end": {
          "line": 4,
          "column": 106
        }
      },
      "1": {
        "start": {
          "line": 4,
          "column": 65
        },
        "end": {
          "line": 4,
          "column": 103
        }
      },
      "2": {
        "start": {
          "line": 5,
          "column": 0
        },
        "end": {
          "line": 9,
          "column": 639
        }
      },
      "3": {
        "start": {
          "line": 5,
          "column": 243
        },
        "end": {
          "line": 9,
          "column": 5
        }
      },
      "4": {
        "start": {
          "line": 6,
          "column": 8
        },
        "end": {
          "line": 6,
          "column": 48
        }
      },
      "5": {
        "start": {
          "line": 7,
          "column": 8
        },
        "end": {
          "line": 7,
          "column": 41
        }
      },
      "6": {
        "start": {
          "line": 8,
          "column": 8
        },
        "end": {
          "line": 8,
          "column": 28
        }
      }
    },
    "fnMap": {
      "0": {
        "name": "NotFoundComponent_Factory",
        "decl": {
          "start": {
            "line": 4,
            "column": 34
          },
          "end": {
            "line": 4,
            "column": 59
          }
        },
        "loc": {
          "start": {
            "line": 4,
            "column": 63
          },
          "end": {
            "line": 4,
            "column": 105
          }
        },
        "line": 4
      },
      "1": {
        "name": "NotFoundComponent_Template",
        "decl": {
          "start": {
            "line": 5,
            "column": 205
          },
          "end": {
            "line": 5,
            "column": 231
          }
        },
        "loc": {
          "start": {
            "line": 5,
            "column": 241
          },
          "end": {
            "line": 9,
            "column": 7
          }
        },
        "line": 5
      }
    },
    "branchMap": {
      "0": {
        "loc": {
          "start": {
            "line": 4,
            "column": 77
          },
          "end": {
            "line": 4,
            "column": 99
          }
        },
        "type": "binary-expr",
        "locations": [
          {
            "start": {
              "line": 4,
              "column": 77
            },
            "end": {
              "line": 4,
              "column": 78
            }
          },
          {
            "start": {
              "line": 4,
              "column": 82
            },
            "end": {
              "line": 4,
              "column": 99
            }
          }
        ],
        "line": 4
      },
      "1": {
        "loc": {
          "start": {
            "line": 5,
            "column": 243
          },
          "end": {
            "line": 9,
            "column": 5
          }
        },
        "type": "if",
        "locations": [
          {
            "start": {
              "line": 5,
              "column": 243
            },
            "end": {
              "line": 9,
              "column": 5
            }
          },
          {
            "start": {
              "line": 5,
              "column": 243
            },
            "end": {
              "line": 9,
              "column": 5
            }
          }
        ],
        "line": 5
      }
    },
    "s": {
      "0": 5,
      "1": 0,
      "2": 5,
      "3": 0,
      "4": 0,
      "5": 0,
      "6": 0
    },
    "f": {
      "0": 0,
      "1": 0
    },
    "b": {
      "0": [
        0,
        0
      ],
      "1": [
        0,
        0
      ]
    },
    "inputSourceMap": {
      "version": 3,
      "file": "not-found.component.js",
      "sourceRoot": "",
      "sources": [
        "D:\\Projets OpenClassroom\\Testez-une-application-full-stack\\front\\src\\app\\components\\not-found\\not-found.component.ts",
        "D:\\Projets OpenClassroom\\Testez-une-application-full-stack\\front\\src\\app\\components\\not-found\\not-found.component.html"
      ],
      "names": [],
      "mappings": ";AAOA,MAAM,OAAO,iBAAiB;;kFAAjB,iBAAiB;oEAAjB,iBAAiB;QCP9B,8BAAqC,SAAA;QACzB,gCAAgB;QAAA,iBAAK,EAAA",
      "sourcesContent": [
        "import { Component } from '@angular/core';\r\n\r\n@Component({\r\n  selector: 'app-not-found',\r\n  templateUrl: './not-found.component.html',\r\n  styleUrls: ['./not-found.component.scss']\r\n})\r\nexport class NotFoundComponent {\r\n}\r\n",
        "<div class=\"flex justify-center mt3\">\r\n        <h1>Page not found !</h1>\r\n</div>"
      ]
    },
    "_coverageSchema": "1a1c01bbd47fc00a2c39e90264f33305004495a9",
    "hash": "e7f58353383ba5534a29a3b46b890fb49d255fec"
  },
  "D:\\Projets OpenClassroom\\Testez-une-application-full-stack\\front\\src\\app\\guards\\auth.guard.ts": {
    "path": "D:\\Projets OpenClassroom\\Testez-une-application-full-stack\\front\\src\\app\\guards\\auth.guard.ts",
    "statementMap": {
      "0": {
        "start": {
          "line": 7,
          "column": 8
        },
        "end": {
          "line": 7,
          "column": 29
        }
      },
      "1": {
        "start": {
          "line": 8,
          "column": 8
        },
        "end": {
          "line": 8,
          "column": 45
        }
      },
      "2": {
        "start": {
          "line": 11,
          "column": 8
        },
        "end": {
          "line": 14,
          "column": 9
        }
      },
      "3": {
        "start": {
          "line": 12,
          "column": 12
        },
        "end": {
          "line": 12,
          "column": 44
        }
      },
      "4": {
        "start": {
          "line": 13,
          "column": 12
        },
        "end": {
          "line": 13,
          "column": 25
        }
      },
      "5": {
        "start": {
          "line": 15,
          "column": 8
        },
        "end": {
          "line": 15,
          "column": 20
        }
      },
      "6": {
        "start": {
          "line": 18,
          "column": 0
        },
        "end": {
          "line": 18,
          "column": 136
        }
      },
      "7": {
        "start": {
          "line": 18,
          "column": 49
        },
        "end": {
          "line": 18,
          "column": 133
        }
      },
      "8": {
        "start": {
          "line": 19,
          "column": 0
        },
        "end": {
          "line": 19,
          "column": 121
        }
      }
    },
    "fnMap": {
      "0": {
        "name": "(anonymous_0)",
        "decl": {
          "start": {
            "line": 6,
            "column": 4
          },
          "end": {
            "line": 6,
            "column": 5
          }
        },
        "loc": {
          "start": {
            "line": 6,
            "column": 40
          },
          "end": {
            "line": 9,
            "column": 5
          }
        },
        "line": 6
      },
      "1": {
        "name": "(anonymous_1)",
        "decl": {
          "start": {
            "line": 10,
            "column": 4
          },
          "end": {
            "line": 10,
            "column": 5
          }
        },
        "loc": {
          "start": {
            "line": 10,
            "column": 18
          },
          "end": {
            "line": 16,
            "column": 5
          }
        },
        "line": 10
      },
      "2": {
        "name": "AuthGuard_Factory",
        "decl": {
          "start": {
            "line": 18,
            "column": 26
          },
          "end": {
            "line": 18,
            "column": 43
          }
        },
        "loc": {
          "start": {
            "line": 18,
            "column": 47
          },
          "end": {
            "line": 18,
            "column": 135
          }
        },
        "line": 18
      }
    },
    "branchMap": {
      "0": {
        "loc": {
          "start": {
            "line": 11,
            "column": 8
          },
          "end": {
            "line": 14,
            "column": 9
          }
        },
        "type": "if",
        "locations": [
          {
            "start": {
              "line": 11,
              "column": 8
            },
            "end": {
              "line": 14,
              "column": 9
            }
          },
          {
            "start": {
              "line": 11,
              "column": 8
            },
            "end": {
              "line": 14,
              "column": 9
            }
          }
        ],
        "line": 11
      },
      "1": {
        "loc": {
          "start": {
            "line": 18,
            "column": 61
          },
          "end": {
            "line": 18,
            "column": 75
          }
        },
        "type": "binary-expr",
        "locations": [
          {
            "start": {
              "line": 18,
              "column": 61
            },
            "end": {
              "line": 18,
              "column": 62
            }
          },
          {
            "start": {
              "line": 18,
              "column": 66
            },
            "end": {
              "line": 18,
              "column": 75
            }
          }
        ],
        "line": 18
      }
    },
    "s": {
      "0": 5,
      "1": 5,
      "2": 10,
      "3": 0,
      "4": 0,
      "5": 10,
      "6": 5,
      "7": 5,
      "8": 5
    },
    "f": {
      "0": 5,
      "1": 10,
      "2": 5
    },
    "b": {
      "0": [
        0,
        10
      ],
      "1": [
        5,
        5
      ]
    },
    "inputSourceMap": {
      "version": 3,
      "file": "auth.guard.js",
      "sourceRoot": "",
      "sources": [
        "D:\\Projets OpenClassroom\\Testez-une-application-full-stack\\front\\src\\app\\guards\\auth.guard.ts"
      ],
      "names": [],
      "mappings": "AACA,OAAO,EAAc,MAAM,EAAC,MAAM,iBAAiB,CAAC;;;;AAIpD,MAAM,OAAO,SAAS;IAEpB,YACU,MAAc,EACd,cAA8B;QAD9B,WAAM,GAAN,MAAM,CAAQ;QACd,mBAAc,GAAd,cAAc,CAAgB;IAExC,CAAC;IAEM,WAAW;QAChB,IAAI,CAAC,IAAI,CAAC,cAAc,CAAC,QAAQ,EAAE;YACjC,IAAI,CAAC,MAAM,CAAC,QAAQ,CAAC,CAAC,OAAO,CAAC,CAAC,CAAC;YAChC,OAAO,KAAK,CAAC;SACd;QACD,OAAO,IAAI,CAAC;IACd,CAAC;;kEAdU,SAAS;+DAAT,SAAS,WAAT,SAAS,mBADG,MAAM",
      "sourcesContent": [
        "import {Injectable} from \"@angular/core\";\r\nimport {CanActivate, Router} from \"@angular/router\"; \r\nimport { SessionService } from \"../services/session.service\";\r\n\r\n@Injectable({providedIn: 'root'})\r\nexport class AuthGuard implements CanActivate {\r\n\r\n  constructor( \r\n    private router: Router,\r\n    private sessionService: SessionService,\r\n  ) {\r\n  }\r\n\r\n  public canActivate(): boolean {\r\n    if (!this.sessionService.isLogged) {\r\n      this.router.navigate(['login']);\r\n      return false;\r\n    }\r\n    return true;\r\n  }\r\n}"
      ]
    },
    "_coverageSchema": "1a1c01bbd47fc00a2c39e90264f33305004495a9",
    "hash": "7a828932eedef516b3cd822985d2745ab6a403b3"
  },
  "D:\\Projets OpenClassroom\\Testez-une-application-full-stack\\front\\src\\app\\guards\\unauth.guard.ts": {
    "path": "D:\\Projets OpenClassroom\\Testez-une-application-full-stack\\front\\src\\app\\guards\\unauth.guard.ts",
    "statementMap": {
      "0": {
        "start": {
          "line": 7,
          "column": 8
        },
        "end": {
          "line": 7,
          "column": 29
        }
      },
      "1": {
        "start": {
          "line": 8,
          "column": 8
        },
        "end": {
          "line": 8,
          "column": 45
        }
      },
      "2": {
        "start": {
          "line": 11,
          "column": 8
        },
        "end": {
          "line": 14,
          "column": 9
        }
      },
      "3": {
        "start": {
          "line": 12,
          "column": 12
        },
        "end": {
          "line": 12,
          "column": 46
        }
      },
      "4": {
        "start": {
          "line": 13,
          "column": 12
        },
        "end": {
          "line": 13,
          "column": 25
        }
      },
      "5": {
        "start": {
          "line": 15,
          "column": 8
        },
        "end": {
          "line": 15,
          "column": 20
        }
      },
      "6": {
        "start": {
          "line": 18,
          "column": 0
        },
        "end": {
          "line": 18,
          "column": 142
        }
      },
      "7": {
        "start": {
          "line": 18,
          "column": 53
        },
        "end": {
          "line": 18,
          "column": 139
        }
      },
      "8": {
        "start": {
          "line": 19,
          "column": 0
        },
        "end": {
          "line": 19,
          "column": 127
        }
      }
    },
    "fnMap": {
      "0": {
        "name": "(anonymous_0)",
        "decl": {
          "start": {
            "line": 6,
            "column": 4
          },
          "end": {
            "line": 6,
            "column": 5
          }
        },
        "loc": {
          "start": {
            "line": 6,
            "column": 40
          },
          "end": {
            "line": 9,
            "column": 5
          }
        },
        "line": 6
      },
      "1": {
        "name": "(anonymous_1)",
        "decl": {
          "start": {
            "line": 10,
            "column": 4
          },
          "end": {
            "line": 10,
            "column": 5
          }
        },
        "loc": {
          "start": {
            "line": 10,
            "column": 18
          },
          "end": {
            "line": 16,
            "column": 5
          }
        },
        "line": 10
      },
      "2": {
        "name": "UnauthGuard_Factory",
        "decl": {
          "start": {
            "line": 18,
            "column": 28
          },
          "end": {
            "line": 18,
            "column": 47
          }
        },
        "loc": {
          "start": {
            "line": 18,
            "column": 51
          },
          "end": {
            "line": 18,
            "column": 141
          }
        },
        "line": 18
      }
    },
    "branchMap": {
      "0": {
        "loc": {
          "start": {
            "line": 11,
            "column": 8
          },
          "end": {
            "line": 14,
            "column": 9
          }
        },
        "type": "if",
        "locations": [
          {
            "start": {
              "line": 11,
              "column": 8
            },
            "end": {
              "line": 14,
              "column": 9
            }
          },
          {
            "start": {
              "line": 11,
              "column": 8
            },
            "end": {
              "line": 14,
              "column": 9
            }
          }
        ],
        "line": 11
      },
      "1": {
        "loc": {
          "start": {
            "line": 18,
            "column": 65
          },
          "end": {
            "line": 18,
            "column": 81
          }
        },
        "type": "binary-expr",
        "locations": [
          {
            "start": {
              "line": 18,
              "column": 65
            },
            "end": {
              "line": 18,
              "column": 66
            }
          },
          {
            "start": {
              "line": 18,
              "column": 70
            },
            "end": {
              "line": 18,
              "column": 81
            }
          }
        ],
        "line": 18
      }
    },
    "s": {
      "0": 5,
      "1": 5,
      "2": 7,
      "3": 0,
      "4": 0,
      "5": 7,
      "6": 5,
      "7": 5,
      "8": 5
    },
    "f": {
      "0": 5,
      "1": 7,
      "2": 5
    },
    "b": {
      "0": [
        0,
        7
      ],
      "1": [
        5,
        5
      ]
    },
    "inputSourceMap": {
      "version": 3,
      "file": "unauth.guard.js",
      "sourceRoot": "",
      "sources": [
        "D:\\Projets OpenClassroom\\Testez-une-application-full-stack\\front\\src\\app\\guards\\unauth.guard.ts"
      ],
      "names": [],
      "mappings": "AACA,OAAO,EAAc,MAAM,EAAC,MAAM,iBAAiB,CAAC;;;;AAIpD,MAAM,OAAO,WAAW;IAEtB,YACU,MAAc,EACd,cAA8B;QAD9B,WAAM,GAAN,MAAM,CAAQ;QACd,mBAAc,GAAd,cAAc,CAAgB;IAExC,CAAC;IAEM,WAAW;QAChB,IAAI,IAAI,CAAC,cAAc,CAAC,QAAQ,EAAE;YAChC,IAAI,CAAC,MAAM,CAAC,QAAQ,CAAC,CAAC,SAAS,CAAC,CAAC,CAAC;YAClC,OAAO,KAAK,CAAC;SACd;QACD,OAAO,IAAI,CAAC;IACd,CAAC;;sEAdU,WAAW;iEAAX,WAAW,WAAX,WAAW,mBADC,MAAM",
      "sourcesContent": [
        "import {Injectable} from \"@angular/core\";\r\nimport {CanActivate, Router} from \"@angular/router\"; \r\nimport { SessionService } from \"../services/session.service\";\r\n\r\n@Injectable({providedIn: 'root'})\r\nexport class UnauthGuard implements CanActivate {\r\n\r\n  constructor( \r\n    private router: Router,\r\n    private sessionService: SessionService,\r\n  ) {\r\n  }\r\n\r\n  public canActivate(): boolean {\r\n    if (this.sessionService.isLogged) {\r\n      this.router.navigate(['rentals']);\r\n      return false;\r\n    }\r\n    return true;\r\n  }\r\n}"
      ]
    },
    "_coverageSchema": "1a1c01bbd47fc00a2c39e90264f33305004495a9",
    "hash": "e15938681e6b0fa9cdbfdff99e328e5d642019ad"
  },
  "D:\\Projets OpenClassroom\\Testez-une-application-full-stack\\front\\src\\app\\app.component.ts": {
    "path": "D:\\Projets OpenClassroom\\Testez-une-application-full-stack\\front\\src\\app\\app.component.ts",
    "statementMap": {
      "0": {
        "start": {
          "line": 9,
          "column": 2
        },
        "end": {
          "line": 26,
          "column": 3
        }
      },
      "1": {
        "start": {
          "line": 10,
          "column": 16
        },
        "end": {
          "line": 10,
          "column": 37
        }
      },
      "2": {
        "start": {
          "line": 12,
          "column": 4
        },
        "end": {
          "line": 12,
          "column": 46
        }
      },
      "3": {
        "start": {
          "line": 13,
          "column": 4
        },
        "end": {
          "line": 13,
          "column": 29
        }
      },
      "4": {
        "start": {
          "line": 14,
          "column": 4
        },
        "end": {
          "line": 14,
          "column": 22
        }
      },
      "5": {
        "start": {
          "line": 15,
          "column": 4
        },
        "end": {
          "line": 15,
          "column": 36
        }
      },
      "6": {
        "start": {
          "line": 16,
          "column": 4
        },
        "end": {
          "line": 16,
          "column": 28
        }
      },
      "7": {
        "start": {
          "line": 17,
          "column": 4
        },
        "end": {
          "line": 17,
          "column": 22
        }
      },
      "8": {
        "start": {
          "line": 18,
          "column": 4
        },
        "end": {
          "line": 18,
          "column": 36
        }
      },
      "9": {
        "start": {
          "line": 19,
          "column": 4
        },
        "end": {
          "line": 23,
          "column": 7
        }
      },
      "10": {
        "start": {
          "line": 20,
          "column": 6
        },
        "end": {
          "line": 20,
          "column": 28
        }
      },
      "11": {
        "start": {
          "line": 21,
          "column": 21
        },
        "end": {
          "line": 21,
          "column": 39
        }
      },
      "12": {
        "start": {
          "line": 22,
          "column": 6
        },
        "end": {
          "line": 22,
          "column": 45
        }
      },
      "13": {
        "start": {
          "line": 24,
          "column": 4
        },
        "end": {
          "line": 24,
          "column": 27
        }
      },
      "14": {
        "start": {
          "line": 25,
          "column": 4
        },
        "end": {
          "line": 25,
          "column": 24
        }
      },
      "15": {
        "start": {
          "line": 30,
          "column": 2
        },
        "end": {
          "line": 37,
          "column": 3
        }
      },
      "16": {
        "start": {
          "line": 31,
          "column": 4
        },
        "end": {
          "line": 31,
          "column": 46
        }
      },
      "17": {
        "start": {
          "line": 32,
          "column": 4
        },
        "end": {
          "line": 32,
          "column": 26
        }
      },
      "18": {
        "start": {
          "line": 33,
          "column": 4
        },
        "end": {
          "line": 33,
          "column": 22
        }
      },
      "19": {
        "start": {
          "line": 34,
          "column": 4
        },
        "end": {
          "line": 34,
          "column": 36
        }
      },
      "20": {
        "start": {
          "line": 35,
          "column": 4
        },
        "end": {
          "line": 35,
          "column": 29
        }
      },
      "21": {
        "start": {
          "line": 36,
          "column": 4
        },
        "end": {
          "line": 36,
          "column": 24
        }
      },
      "22": {
        "start": {
          "line": 42,
          "column": 4
        },
        "end": {
          "line": 42,
          "column": 25
        }
      },
      "23": {
        "start": {
          "line": 43,
          "column": 4
        },
        "end": {
          "line": 43,
          "column": 41
        }
      },
      "24": {
        "start": {
          "line": 47,
          "column": 4
        },
        "end": {
          "line": 47,
          "column": 43
        }
      },
      "25": {
        "start": {
          "line": 51,
          "column": 4
        },
        "end": {
          "line": 51,
          "column": 33
        }
      },
      "26": {
        "start": {
          "line": 52,
          "column": 4
        },
        "end": {
          "line": 52,
          "column": 31
        }
      },
      "27": {
        "start": {
          "line": 57,
          "column": 0
        },
        "end": {
          "line": 59,
          "column": 2
        }
      },
      "28": {
        "start": {
          "line": 58,
          "column": 2
        },
        "end": {
          "line": 58,
          "column": 107
        }
      },
      "29": {
        "start": {
          "line": 61,
          "column": 0
        },
        "end": {
          "line": 90,
          "column": 3
        }
      },
      "30": {
        "start": {
          "line": 68,
          "column": 4
        },
        "end": {
          "line": 79,
          "column": 5
        }
      },
      "31": {
        "start": {
          "line": 69,
          "column": 6
        },
        "end": {
          "line": 69,
          "column": 69
        }
      },
      "32": {
        "start": {
          "line": 70,
          "column": 6
        },
        "end": {
          "line": 70,
          "column": 31
        }
      },
      "33": {
        "start": {
          "line": 71,
          "column": 6
        },
        "end": {
          "line": 71,
          "column": 24
        }
      },
      "34": {
        "start": {
          "line": 72,
          "column": 6
        },
        "end": {
          "line": 72,
          "column": 68
        }
      },
      "35": {
        "start": {
          "line": 73,
          "column": 6
        },
        "end": {
          "line": 73,
          "column": 28
        }
      },
      "36": {
        "start": {
          "line": 74,
          "column": 6
        },
        "end": {
          "line": 74,
          "column": 117
        }
      },
      "37": {
        "start": {
          "line": 75,
          "column": 6
        },
        "end": {
          "line": 75,
          "column": 24
        }
      },
      "38": {
        "start": {
          "line": 76,
          "column": 6
        },
        "end": {
          "line": 76,
          "column": 34
        }
      },
      "39": {
        "start": {
          "line": 77,
          "column": 6
        },
        "end": {
          "line": 77,
          "column": 39
        }
      },
      "40": {
        "start": {
          "line": 78,
          "column": 6
        },
        "end": {
          "line": 78,
          "column": 26
        }
      },
      "41": {
        "start": {
          "line": 81,
          "column": 4
        },
        "end": {
          "line": 86,
          "column": 5
        }
      },
      "42": {
        "start": {
          "line": 82,
          "column": 18
        },
        "end": {
          "line": 82,
          "column": 35
        }
      },
      "43": {
        "start": {
          "line": 84,
          "column": 6
        },
        "end": {
          "line": 84,
          "column": 22
        }
      },
      "44": {
        "start": {
          "line": 85,
          "column": 6
        },
        "end": {
          "line": 85,
          "column": 84
        }
      }
    },
    "fnMap": {
      "0": {
        "name": "AppComponent_div_4_Template",
        "decl": {
          "start": {
            "line": 8,
            "column": 9
          },
          "end": {
            "line": 8,
            "column": 36
          }
        },
        "loc": {
          "start": {
            "line": 8,
            "column": 46
          },
          "end": {
            "line": 27,
            "column": 1
          }
        },
        "line": 8
      },
      "1": {
        "name": "AppComponent_div_4_Template_span_click_5_listener",
        "decl": {
          "start": {
            "line": 19,
            "column": 36
          },
          "end": {
            "line": 19,
            "column": 85
          }
        },
        "loc": {
          "start": {
            "line": 19,
            "column": 88
          },
          "end": {
            "line": 23,
            "column": 5
          }
        },
        "line": 19
      },
      "2": {
        "name": "AppComponent_ng_template_6_Template",
        "decl": {
          "start": {
            "line": 29,
            "column": 9
          },
          "end": {
            "line": 29,
            "column": 44
          }
        },
        "loc": {
          "start": {
            "line": 29,
            "column": 54
          },
          "end": {
            "line": 38,
            "column": 1
          }
        },
        "line": 29
      },
      "3": {
        "name": "(anonymous_3)",
        "decl": {
          "start": {
            "line": 41,
            "column": 2
          },
          "end": {
            "line": 41,
            "column": 3
          }
        },
        "loc": {
          "start": {
            "line": 41,
            "column": 38
          },
          "end": {
            "line": 44,
            "column": 3
          }
        },
        "line": 41
      },
      "4": {
        "name": "(anonymous_4)",
        "decl": {
          "start": {
            "line": 46,
            "column": 2
          },
          "end": {
            "line": 46,
            "column": 3
          }
        },
        "loc": {
          "start": {
            "line": 46,
            "column": 14
          },
          "end": {
            "line": 48,
            "column": 3
          }
        },
        "line": 46
      },
      "5": {
        "name": "(anonymous_5)",
        "decl": {
          "start": {
            "line": 50,
            "column": 2
          },
          "end": {
            "line": 50,
            "column": 3
          }
        },
        "loc": {
          "start": {
            "line": 50,
            "column": 11
          },
          "end": {
            "line": 53,
            "column": 3
          }
        },
        "line": 50
      },
      "6": {
        "name": "AppComponent_Factory",
        "decl": {
          "start": {
            "line": 57,
            "column": 29
          },
          "end": {
            "line": 57,
            "column": 49
          }
        },
        "loc": {
          "start": {
            "line": 57,
            "column": 53
          },
          "end": {
            "line": 59,
            "column": 1
          }
        },
        "line": 57
      },
      "7": {
        "name": "AppComponent_Template",
        "decl": {
          "start": {
            "line": 67,
            "column": 21
          },
          "end": {
            "line": 67,
            "column": 42
          }
        },
        "loc": {
          "start": {
            "line": 67,
            "column": 52
          },
          "end": {
            "line": 87,
            "column": 3
          }
        },
        "line": 67
      }
    },
    "branchMap": {
      "0": {
        "loc": {
          "start": {
            "line": 9,
            "column": 2
          },
          "end": {
            "line": 26,
            "column": 3
          }
        },
        "type": "if",
        "locations": [
          {
            "start": {
              "line": 9,
              "column": 2
            },
            "end": {
              "line": 26,
              "column": 3
            }
          },
          {
            "start": {
              "line": 9,
              "column": 2
            },
            "end": {
              "line": 26,
              "column": 3
            }
          }
        ],
        "line": 9
      },
      "1": {
        "loc": {
          "start": {
            "line": 30,
            "column": 2
          },
          "end": {
            "line": 37,
            "column": 3
          }
        },
        "type": "if",
        "locations": [
          {
            "start": {
              "line": 30,
              "column": 2
            },
            "end": {
              "line": 37,
              "column": 3
            }
          },
          {
            "start": {
              "line": 30,
              "column": 2
            },
            "end": {
              "line": 37,
              "column": 3
            }
          }
        ],
        "line": 30
      },
      "2": {
        "loc": {
          "start": {
            "line": 58,
            "column": 14
          },
          "end": {
            "line": 58,
            "column": 31
          }
        },
        "type": "binary-expr",
        "locations": [
          {
            "start": {
              "line": 58,
              "column": 14
            },
            "end": {
              "line": 58,
              "column": 15
            }
          },
          {
            "start": {
              "line": 58,
              "column": 19
            },
            "end": {
              "line": 58,
              "column": 31
            }
          }
        ],
        "line": 58
      },
      "3": {
        "loc": {
          "start": {
            "line": 68,
            "column": 4
          },
          "end": {
            "line": 79,
            "column": 5
          }
        },
        "type": "if",
        "locations": [
          {
            "start": {
              "line": 68,
              "column": 4
            },
            "end": {
              "line": 79,
              "column": 5
            }
          },
          {
            "start": {
              "line": 68,
              "column": 4
            },
            "end": {
              "line": 79,
              "column": 5
            }
          }
        ],
        "line": 68
      },
      "4": {
        "loc": {
          "start": {
            "line": 81,
            "column": 4
          },
          "end": {
            "line": 86,
            "column": 5
          }
        },
        "type": "if",
        "locations": [
          {
            "start": {
              "line": 81,
              "column": 4
            },
            "end": {
              "line": 86,
              "column": 5
            }
          },
          {
            "start": {
              "line": 81,
              "column": 4
            },
            "end": {
              "line": 86,
              "column": 5
            }
          }
        ],
        "line": 81
      }
    },
    "s": {
      "0": 191,
      "1": 5,
      "2": 5,
      "3": 5,
      "4": 5,
      "5": 5,
      "6": 5,
      "7": 5,
      "8": 5,
      "9": 5,
      "10": 0,
      "11": 0,
      "12": 0,
      "13": 5,
      "14": 5,
      "15": 429,
      "16": 7,
      "17": 7,
      "18": 7,
      "19": 7,
      "20": 7,
      "21": 7,
      "22": 5,
      "23": 5,
      "24": 608,
      "25": 0,
      "26": 0,
      "27": 5,
      "28": 5,
      "29": 5,
[...]
              "column": 1
            }
          }
        ],
        "line": 35
      },
      "3": {
        "loc": {
          "start": {
            "line": 46,
            "column": 63
          },
          "end": {
            "line": 51,
            "column": 1
          }
        },
        "type": "if",
        "locations": [
          {
            "start": {
              "line": 46,
              "column": 63
            },
            "end": {
              "line": 51,
              "column": 1
            }
          },
          {
            "start": {
              "line": 46,
              "column": 63
            },
            "end": {
              "line": 51,
              "column": 1
            }
          }
        ],
        "line": 46
      },
      "4": {
        "loc": {
          "start": {
            "line": 51,
            "column": 2
          },
          "end": {
            "line": 57,
            "column": 1
          }
        },
        "type": "if",
        "locations": [
          {
            "start": {
              "line": 51,
              "column": 2
            },
            "end": {
              "line": 57,
              "column": 1
            }
          },
          {
            "start": {
              "line": 51,
              "column": 2
            },
            "end": {
              "line": 57,
              "column": 1
            }
          }
        ],
        "line": 51
      },
      "5": {
        "loc": {
          "start": {
            "line": 58,
            "column": 77
          },
          "end": {
            "line": 66,
            "column": 1
          }
        },
        "type": "if",
        "locations": [
          {
            "start": {
              "line": 58,
              "column": 77
            },
            "end": {
              "line": 66,
              "column": 1
            }
          },
          {
            "start": {
              "line": 58,
              "column": 77
            },
            "end": {
              "line": 66,
              "column": 1
            }
          }
        ],
        "line": 58
      },
      "6": {
        "loc": {
          "start": {
            "line": 66,
            "column": 2
          },
          "end": {
            "line": 70,
            "column": 1
          }
        },
        "type": "if",
        "locations": [
          {
            "start": {
              "line": 66,
              "column": 2
            },
            "end": {
              "line": 70,
              "column": 1
            }
          },
          {
            "start": {
              "line": 66,
              "column": 2
            },
            "end": {
              "line": 70,
              "column": 1
            }
          }
        ],
        "line": 66
      },
      "7": {
        "loc": {
          "start": {
            "line": 71,
            "column": 56
          },
          "end": {
            "line": 121,
            "column": 1
          }
        },
        "type": "if",
        "locations": [
          {
            "start": {
              "line": 71,
              "column": 56
            },
            "end": {
              "line": 121,
              "column": 1
            }
          },
          {
            "start": {
              "line": 71,
              "column": 56
            },
            "end": {
              "line": 121,
              "column": 1
            }
          }
        ],
        "line": 71
      },
      "8": {
        "loc": {
          "start": {
            "line": 121,
            "column": 2
          },
          "end": {
            "line": 141,
            "column": 1
          }
        },
        "type": "if",
        "locations": [
          {
            "start": {
              "line": 121,
              "column": 2
            },
            "end": {
              "line": 141,
              "column": 1
            }
          },
          {
            "start": {
              "line": 121,
              "column": 2
            },
            "end": {
              "line": 141,
              "column": 1
            }
          }
        ],
        "line": 121
      },
      "9": {
        "loc": {
          "start": {
            "line": 194,
            "column": 73
          },
          "end": {
            "line": 194,
            "column": 93
          }
        },
        "type": "binary-expr",
        "locations": [
          {
            "start": {
              "line": 194,
              "column": 73
            },
            "end": {
              "line": 194,
              "column": 74
            }
          },
          {
            "start": {
              "line": 194,
              "column": 78
            },
            "end": {
              "line": 194,
              "column": 93
            }
          }
        ],
        "line": 194
      },
      "10": {
        "loc": {
          "start": {
            "line": 195,
            "column": 1541
          },
          "end": {
            "line": 199,
            "column": 5
          }
        },
        "type": "if",
        "locations": [
          {
            "start": {
              "line": 195,
              "column": 1541
            },
            "end": {
              "line": 199,
              "column": 5
            }
          },
          {
            "start": {
              "line": 195,
              "column": 1541
            },
            "end": {
              "line": 199,
              "column": 5
            }
          }
        ],
        "line": 195
      },
      "11": {
        "loc": {
          "start": {
            "line": 199,
            "column": 6
          },
          "end": {
            "line": 202,
            "column": 5
          }
        },
        "type": "if",
        "locations": [
          {
            "start": {
              "line": 199,
              "column": 6
            },
            "end": {
              "line": 202,
              "column": 5
            }
          },
          {
            "start": {
              "line": 199,
              "column": 6
            },
            "end": {
              "line": 202,
              "column": 5
            }
          }
        ],
        "line": 199
      }
    },
    "s": {
      "0": 0,
      "1": 0,
      "2": 0,
      "3": 0,
      "4": 0,
      "5": 0,
      "6": 0,
      "7": 0,
      "8": 0,
      "9": 0,
      "10": 0,
      "11": 0,
      "12": 0,
      "13": 0,
      "14": 0,
      "15": 0,
      "16": 0,
      "17": 0,
      "18": 0,
      "19": 0,
      "20": 0,
      "21": 0,
      "22": 0,
      "23": 0,
      "24": 0,
      "25": 0,
      "26": 0,
      "27": 0,
      "28": 0,
      "29": 0,
      "30": 0,
      "31": 0,
      "32": 0,
      "33": 0,
      "34": 0,
      "35": 0,
      "36": 0,
      "37": 0,
      "38": 0,
      "39": 0,
      "40": 0,
      "41": 0,
      "42": 0,
      "43": 0,
      "44": 0,
      "45": 0,
      "46": 0,
      "47": 0,
      "48": 0,
      "49": 0,
      "50": 0,
      "51": 0,
      "52": 0,
      "53": 0,
      "54": 0,
      "55": 0,
      "56": 0,
      "57": 0,
      "58": 0,
      "59": 0,
      "60": 0,
      "61": 0,
      "62": 0,
      "63": 0,
      "64": 0,
      "65": 0,
      "66": 0,
      "67": 0,
      "68": 0,
      "69": 0,
      "70": 0,
      "71": 0,
      "72": 0,
      "73": 0,
      "74": 0,
      "75": 0,
      "76": 0,
      "77": 0,
      "78": 0,
      "79": 0,
      "80": 0,
      "81": 0,
      "82": 0,
      "83": 0,
      "84": 0,
      "85": 0,
      "86": 0,
      "87": 0,
      "88": 0,
      "89": 0,
      "90": 0,
      "91": 0,
      "92": 0,
      "93": 0,
      "94": 0,
      "95": 0,
      "96": 0,
      "97": 0,
      "98": 0,
      "99": 0,
      "100": 0,
      "101": 0,
      "102": 0,
      "103": 0,
      "104": 0,
      "105": 0,
      "106": 0,
      "107": 0,
      "108": 0,
      "109": 0,
      "110": 0,
      "111": 0,
      "112": 0,
      "113": 0,
      "114": 0,
      "115": 0,
      "116": 0,
      "117": 0,
      "118": 0,
      "119": 0,
      "120": 0,
      "121": 0,
      "122": 0,
      "123": 0,
      "124": 0,
      "125": 0,
      "126": 0,
      "127": 0,
      "128": 0,
      "129": 0,
      "130": 0,
      "131": 0,
      "132": 0,
      "133": 0,
      "134": 0,
      "135": 0,
      "136": 0,
      "137": 0,
      "138": 0,
      "139": 0,
      "140": 0,
      "141": 0,
      "142": 0,
      "143": 0,
      "144": 0,
      "145": 0,
      "146": 0,
      "147": 0,
      "148": 0,
      "149": 0,
      "150": 0,
      "151": 0,
      "152": 0,
      "153": 0,
      "154": 0,
      "155": 0,
      "156": 0,
      "157": 0,
      "158": 0,
      "159": 0,
      "160": 0,
      "161": 0,
      "162": 0,
      "163": 5,
      "164": 0,
      "165": 5,
      "166": 0,
      "167": 0,
      "168": 0,
      "169": 0,
      "170": 0,
      "171": 0,
      "172": 0
    },
    "f": {
      "0": 0,
      "1": 0,
      "2": 0,
      "3": 0,
      "4": 0,
      "5": 0,
      "6": 0,
      "7": 0,
      "8": 0,
      "9": 0,
      "10": 0,
      "11": 0,
      "12": 0,
      "13": 0,
      "14": 0,
      "15": 0,
      "16": 0,
      "17": 0,
      "18": 0,
      "19": 0,
      "20": 0,
      "21": 0,
      "22": 0,
      "23": 0,
      "24": 0,
      "25": 0
    },
    "b": {
      "0": [
        0,
        0
      ],
      "1": [
        0,
        0
      ],
      "2": [
        0,
        0
      ],
      "3": [
        0,
        0
      ],
      "4": [
        0,
        0
      ],
      "5": [
        0,
        0
      ],
      "6": [
        0,
        0
      ],
      "7": [
        0,
        0
      ],
      "8": [
        0,
        0
      ],
      "9": [
        0,
        0
      ],
      "10": [
        0,
        0
      ],
      "11": [
        0,
        0
      ]
    },
    "inputSourceMap": {
      "version": 3,
      "file": "detail.component.js",
      "sourceRoot": "",
      "sources": [
        "D:\\Projets OpenClassroom\\Testez-une-application-full-stack\\front\\src\\app\\features\\sessions\\components\\detail\\detail.component.ts",
        "D:\\Projets OpenClassroom\\Testez-une-application-full-stack\\front\\src\\app\\features\\sessions\\components\\detail\\detail.component.html"
      ],
      "names": [],
      "mappings": ";;;;;;;;;;;;;;ICWU,kCAAsG;IAAnB,4KAAS,eAAA,eAAQ,CAAA,IAAC;IACnG,gCAAU;IAAA,sBAAM;IAAA,iBAAW;IAC3B,gCAAkB;IAAA,sBAAM;IAAA,iBAAO,EAAA;;;;IAG/B,kCAA0H;IAAxB,kLAAS,eAAA,oBAAa,CAAA,IAAC;IACvH,gCAAU;IAAA,0BAAU;IAAA,iBAAW;IAC/B,gCAAkB;IAAA,2BAAW;IAAA,iBAAO,EAAA;;;;IAEtC,kCAA0H;IAA1B,oLAAS,eAAA,uBAAe,CAAA,IAAC;IACvH,gCAAU;IAAA,6BAAa;IAAA,iBAAW;IAClC,gCAAkB;IAAA,kCAAkB;IAAA,iBAAO,EAAA;;;IAP/C,2BAAsB;IACpB,yFAGS;IACT,yFAGS;IAEX,iBAAM;;;IATK,eAAoB;IAApB,4CAAoB;IAIpB,eAAmB;IAAnB,2CAAmB;;;IAWpC,6CAAiE,cAAA,eAAA;IAG3D,wBACF;IAAA,iBAAW;IACX,gCAAkB;IAAA,YAA0D;;IAAA,iBAAO,EAAA,EAAA;;;IAAjE,eAA0D;IAA1D,2GAA0D;;;;IAnClF,gCAA0B,qBAAA,aAAA,aAAA,gBAAA;IAIM,mKAAS,eAAA,cAAM,CAAA,IAAC;IACtC,gCAAU;IAAA,0BAAU;IAAA,iBAAW,EAAA;IAEjC,6BAA+B;IAAA,YAA4B;;IAAA,iBAAK,EAAA;IAElE,4BAAK;IACH,mFAGS;IACT,6EAUM;IAGR,iBAAM,EAAA,EAAA;IAGV,yGAOoB;IACpB,+BAAkD;IAChD,0BAAkE;IACpE,iBAAM;IACN,yCAAkB,eAAA,eAAA,gBAAA;IAIV,wBACF;IAAA,iBAAW;IACX,iCAAkB;IAAA,aAAoC;IAAA,iBAAO,EAAA;IAE/D,gCAAkC,gBAAA;IAE9B,iCACF;IAAA,iBAAW;IACX,iCAAkB;IAAA,aAAoC;;IAAA,iBAAO,EAAA,EAAA;IAGjE,gCAA2D,SAAA;IACtD,6BAAY;IAAA,iBAAI;IACnB,aACA;IAAA,sBAAI;IACN,iBAAM;IACN,gCAA0E,eAAA,SAAA;IAChD,4BAAW;IAAA,iBAAI;IAAC,aAAwC;;IAAA,iBAAM;IACtF,gCAAqB,SAAA;IAAG,8BAAa;IAAA,iBAAI;IAAC,aAAwC;;IAAA,iBAAM,EAAA,EAAA,EAAA;;;IAxDvD,eAA4B;IAA5B,+DAA4B;IAGlD,eAAa;IAAb,qCAAa;IAIhB,eAAc;IAAd,sCAAc;IAgBN,eAAa;IAAb,qCAAa;IAiBT,eAAoC;IAApC,oEAAoC;IAMpC,eAAoC;IAApC,6EAAoC;IAKxD,eACA;IADA,2DACA;IAGwC,eAAwC;IAAxC,4FAAwC;IACtC,eAAwC;IAAxC,4FAAwC;;ADjD1F,MAAM,OAAO,eAAe;IAU1B,YACU,KAAqB,EACrB,EAAe,EACf,cAA8B,EAC9B,iBAAoC,EACpC,cAA8B,EAC9B,WAAwB,EACxB,MAAc;QANd,UAAK,GAAL,KAAK,CAAgB;QACrB,OAAE,GAAF,EAAE,CAAa;QACf,mBAAc,GAAd,cAAc,CAAgB;QAC9B,sBAAiB,GAAjB,iBAAiB,CAAmB;QACpC,mBAAc,GAAd,cAAc,CAAgB;QAC9B,gBAAW,GAAX,WAAW,CAAa;QACxB,WAAM,GAAN,MAAM,CAAQ;QAbjB,kBAAa,GAAG,KAAK,CAAC;QACtB,YAAO,GAAG,KAAK,CAAC;QAarB,IAAI,CAAC,SAAS,GAAG,IAAI,CAAC,KAAK,CAAC,QAAQ,CAAC,QAAQ,CAAC,GAAG,CAAC,IAAI,CAAE,CAAC;QACzD,IAAI,CAAC,OAAO,GAAG,IAAI,CAAC,cAAc,CAAC,kBAAmB,CAAC,KAAK,CAAC;QAC7D,IAAI,CAAC,MAAM,GAAG,IAAI,CAAC,cAAc,CAAC,kBAAmB,CAAC,EAAE,CAAC,QAAQ,EAAE,CAAC;IACtE,CAAC;IAEM,QAAQ;QACb,IAAI,CAAC,YAAY,EAAE,CAAC;IACtB,CAAC;IAEM,IAAI;QACT,MAAM,CAAC,OAAO,CAAC,IAAI,EAAE,CAAC;IACxB,CAAC;IAEM,MAAM;QACX,IAAI,CAAC,iBAAiB;aACnB,MAAM,CAAC,IAAI,CAAC,SAAS,CAAC;aACtB,SAAS,CAAC;YACT,IAAI,EAAE,GAAG,EAAE;gBACT,IAAI,CAAC,WAAW,CAAC,IAAI,CAAC,mBAAmB,EAAE,OAAO,EAAE,EAAE,QAAQ,EAAE,IAAI,EAAE,CAAC,CAAC;gBACxE,IAAI,CAAC,MAAM,CAAC,QAAQ,CAAC,CAAC,UAAU,CAAC,CAAC,CAAC;YACrC,CAAC;YACD,KAAK,EAAE,GAAG,EAAE;gBACV,IAAI,CAAC,WAAW,CAAC,IAAI,CAAC,2BAA2B,EAAE,OAAO,EAAE,EAAE,QAAQ,EAAE,IAAI,EAAE,CAAC,CAAC;YAClF,CAAC;SACF,CAAC,CAAC;IACP,CAAC;IAEM,WAAW;QAChB,IAAI,CAAC,iBAAiB,CAAC,WAAW,CAAC,IAAI,CAAC,SAAS,EAAE,IAAI,CAAC,MAAM,CAAC,CAAC,SAAS,CAAC,CAAC,CAAC,EAAE,CAAC,IAAI,CAAC,YAAY,EAAE,CAAC,CAAC;IACtG,CAAC;IAEM,aAAa;QAClB,IAAI,CAAC,iBAAiB,CAAC,aAAa,CAAC,IAAI,CAAC,SAAS,EAAE,IAAI,CAAC,MAAM,CAAC,CAAC,SAAS,CAAC,CAAC,CAAC,EAAE,CAAC,IAAI,CAAC,YAAY,EAAE,CAAC,CAAC;IACxG,CAAC;IAEO,YAAY;QAClB,IAAI,CAAC,iBAAiB;aACnB,MAAM,CAAC,IAAI,CAAC,SAAS,CAAC;aACtB,SAAS,CAAC,CAAC,OAAgB,EAAE,EAAE;YAC9B,IAAI,CAAC,OAAO,GAAG,OAAO,CAAC;YACvB,IAAI,CAAC,aAAa,GAAG,OAAO,CAAC,KAAK,CAAC,IAAI,CAAC,CAAC,CAAC,EAAE,CAAC,CAAC,KAAK,IAAI,CAAC,cAAc,CAAC,kBAAmB,CAAC,EAAE,CAAC,CAAC;YAC/F,IAAI,CAAC,cAAc;iBAChB,MAAM,CAAC,OAAO,CAAC,UAAU,CAAC,QAAQ,EAAE,CAAC;iBACrC,SAAS,CAAC,CAAC,OAAgB,EAAE,EAAE,CAAC,IAAI,CAAC,OAAO,GAAG,OAAO,CAAC,CAAC;QAC7D,CAAC,CAAC,CAAC;IACP,CAAC;;8EA/DU,eAAe;kEAAf,eAAe;QCf5B,8BAAgB;QACd,4EAkEW;QACb,iBAAM;;QAnEO,eAAa;QAAb,kCAAa",
      "sourcesContent": [
        "import { Component, OnInit } from '@angular/core';\r\nimport { FormBuilder } from '@angular/forms';\r\nimport { MatSnackBar } from '@angular/material/snack-bar';\r\nimport { ActivatedRoute, Router } from '@angular/router';\r\nimport { Teacher } from '../../../../interfaces/teacher.interface';\r\nimport { SessionService } from '../../../../services/session.service';\r\nimport { TeacherService } from '../../../../services/teacher.service';\r\nimport { Session } from '../../interfaces/session.interface';\r\nimport { SessionApiService } from '../../services/session-api.service';\r\n\r\n@Component({\r\n  selector: 'app-detail',\r\n  templateUrl: './detail.component.html',\r\n  styleUrls: ['./detail.component.scss']\r\n})\r\nexport class DetailComponent implements OnInit {\r\n  public session: Session | undefined;\r\n  public teacher: Teacher | undefined;\r\n\r\n  public isParticipate = false;\r\n  public isAdmin = false;\r\n\r\n  public sessionId: string;\r\n  public userId: string;\r\n\r\n  constructor(\r\n    private route: ActivatedRoute,\r\n    private fb: FormBuilder,\r\n    private sessionService: SessionService,\r\n    private sessionApiService: SessionApiService,\r\n    private teacherService: TeacherService,\r\n    private matSnackBar: MatSnackBar,\r\n    private router: Router) {\r\n    this.sessionId = this.route.snapshot.paramMap.get('id')!;\r\n    this.isAdmin = this.sessionService.sessionInformation!.admin;\r\n    this.userId = this.sessionService.sessionInformation!.id.toString();\r\n  }\r\n\r\n  public ngOnInit(): void {\r\n    this.fetchSession();\r\n  }\r\n\r\n  public back() {\r\n    window.history.back();\r\n  }\r\n\r\n  public delete(): void {\r\n    this.sessionApiService\r\n      .delete(this.sessionId)\r\n      .subscribe({\r\n        next: () => {\r\n          this.matSnackBar.open('Session deleted !', 'Close', { duration: 3000 });\r\n          this.router.navigate(['sessions']);\r\n        },\r\n        error: () => {\r\n          this.matSnackBar.open('Failed to delete session!', 'Close', { duration: 3000 });\r\n        }\r\n      });\r\n  }\r\n\r\n  public participate(): void {\r\n    this.sessionApiService.participate(this.sessionId, this.userId).subscribe(_ => this.fetchSession());\r\n  }\r\n\r\n  public unParticipate(): void {\r\n    this.sessionApiService.unParticipate(this.sessionId, this.userId).subscribe(_ => this.fetchSession());\r\n  }\r\n\r\n  private fetchSession(): void {\r\n    this.sessionApiService\r\n      .detail(this.sessionId)\r\n      .subscribe((session: Session) => {\r\n        this.session = session;\r\n        this.isParticipate = session.users.some(u => u === this.sessionService.sessionInformation!.id);\r\n        this.teacherService\r\n          .detail(session.teacher_id.toString())\r\n          .subscribe((teacher: Teacher) => this.teacher = teacher);\r\n      });\r\n  }\r\n\r\n}\r\n",
        "<div class=\"m3\">\r\n  <mat-card *ngIf=\"session\">\r\n    <mat-card-title>\r\n      <div fxLayout=\"row\" fxLayoutAlign=\"space-between center\">\r\n        <div fxLayout=\"row\" fxLayoutAlign=\"start center\">\r\n          <button mat-icon-button (click)=\"back()\">\r\n            <mat-icon>arrow_back</mat-icon>\r\n          </button>\r\n          <h1 data-testid=\"session-name\">{{session.name | titlecase}}</h1>\r\n        </div>\r\n        <div>\r\n          <button *ngIf=\"isAdmin\" mat-raised-button color=\"warn\" data-testid=\"delete-button\" (click)=\"delete()\">\r\n            <mat-icon>delete</mat-icon>\r\n            <span class=\"ml1\">Delete</span>\r\n          </button>\r\n          <div *ngIf=\"!isAdmin\">\r\n            <button *ngIf=\"!isParticipate\" mat-raised-button color=\"primary\" data-testid=\"participate-button\" (click)=\"participate()\">\r\n              <mat-icon>person_add</mat-icon>\r\n              <span class=\"ml1\">Participate</span>\r\n            </button>\r\n            <button *ngIf=\"isParticipate\" mat-raised-button color=\"warn\" data-testid=\"unparticipate-button\" (click)=\"unParticipate()\">\r\n              <mat-icon>person_remove</mat-icon>\r\n              <span class=\"ml1\">Do not participate</span>\r\n            </button>\r\n\r\n          </div>\r\n\r\n\r\n        </div>\r\n      </div>\r\n    </mat-card-title>\r\n    <mat-card-subtitle *ngIf=\"teacher\" data-testid=\"session-teacher\">\r\n      <div fxLayoutAlign=\"start center\" class=\"ml3\">\r\n        <mat-icon>\r\n          people\r\n        </mat-icon>\r\n        <span class=\"ml1\">{{ teacher.firstName }} {{ teacher.lastName | uppercase }}</span>\r\n      </div>\r\n    </mat-card-subtitle>\r\n    <div mat-card-image fxLayoutAlign=\"center center\">\r\n      <img class=\"picture\" src=\"assets/sessions.png\" alt=\"Yoga session\">\r\n    </div>\r\n    <mat-card-content>\r\n      <div class=\"my2\" fxLayout=\"row\" fxLayoutAlign=\"space-between center\">\r\n        <div fxLayoutAlign=\"start center\">\r\n          <mat-icon>\r\n            group\r\n          </mat-icon>\r\n          <span class=\"ml1\">{{ session.users.length }} attendees</span>\r\n        </div>\r\n        <div fxLayoutAlign=\"start center\">\r\n          <mat-icon>\r\n            calendar_month\r\n          </mat-icon>\r\n          <span class=\"ml1\">{{ session.date | date: 'longDate'}}</span>\r\n        </div>\r\n      </div>\r\n      <div class=\"description\" data-testid=\"session-description\">\r\n        <p>Description:</p>\r\n        {{ session.description }}\r\n        <br>\r\n      </div>\r\n      <div class=\"date my2\" fxLayout=\"row\" fxLayoutAlign=\"space-between center\">\r\n        <div class=\"created\"><i>Create at: </i> {{ session.createdAt| date: 'longDate'}}</div>\r\n        <div class=\"updated\"><i>Last update: </i> {{ session.updatedAt| date: 'longDate'}}</div>\r\n      </div>\r\n    </mat-card-content>\r\n  </mat-card>\r\n</div>\r\n"
      ]
    },
    "_coverageSchema": "1a1c01bbd47fc00a2c39e90264f33305004495a9",
    "hash": "7d300f0b276f473a19c181d74b7330803465d03f"
  }
}